[21:23:35] [main/WARN]: Ambiguity between arguments [teleport, destination] and [teleport, targets] with inputs: [Player, 0123, @e, dd12be42-52a9-4a91-a8a1-11c01849e498]
[21:23:35] [main/WARN]: Ambiguity between arguments [teleport, location] and [teleport, destination] with inputs: [0.1 -0.5 .9, 0 0 0]
[21:23:35] [main/WARN]: Ambiguity between arguments [teleport, location] and [teleport, targets] with inputs: [0.1 -0.5 .9, 0 0 0]
[21:23:35] [main/WARN]: Ambiguity between arguments [teleport, targets] and [teleport, destination] with inputs: [Player, 0123, dd12be42-52a9-4a91-a8a1-11c01849e498]
[21:23:35] [main/WARN]: Ambiguity between arguments [teleport, targets, location] and [teleport, targets, destination] with inputs: [0.1 -0.5 .9, 0 0 0]
[21:23:35] [Server thread/INFO]: Starting minecraft server version 1.14
[21:23:35] [Server thread/INFO]: Loading properties
[21:23:35] [Server thread/INFO]: Default game type: SURVIVAL
[21:23:35] [Server thread/INFO]: Generating keypair
[21:23:35] [Server thread/INFO]: Starting Minecraft server on *:25565
[21:23:35] [Server thread/INFO]: Using epoll channel type
[21:23:35] [Server thread/INFO]: Preparing level "world"
[21:23:35] [Server thread/INFO]: Found new data pack vanilla, loading it automatically
[21:23:35] [Server thread/INFO]: Reloading ResourceManager: Default
[21:23:36] [Server thread/INFO]: Loaded 6 recipes
[21:23:37] [Server thread/INFO]: Loaded 811 advancements
[21:23:43] [Server thread/INFO]: Preparing start region for dimension minecraft:overworld
[21:23:43] [Server-Worker-2/INFO]: Preparing spawn area: 0%
[21:23:44] [Server-Worker-1/INFO]: Preparing spawn area: 0%
[21:23:44] [Server-Worker-3/INFO]: Preparing spawn area: 2%
[21:23:45] [Server-Worker-2/INFO]: Preparing spawn area: 5%
[21:23:45] [Server-Worker-3/INFO]: Preparing spawn area: 7%
[21:23:46] [Server-Worker-1/INFO]: Preparing spawn area: 9%
[21:23:46] [Server-Worker-1/INFO]: Preparing spawn area: 13%
[21:23:47] [Server-Worker-3/INFO]: Preparing spawn area: 16%
[21:23:47] [Server-Worker-3/INFO]: Preparing spawn area: 19%
[21:23:48] [Server-Worker-1/INFO]: Preparing spawn area: 19%
[21:23:48] [Server-Worker-1/INFO]: Preparing spawn area: 19%
[21:23:49] [Server-Worker-3/INFO]: Preparing spawn area: 30%
[21:23:49] [Server-Worker-3/INFO]: Preparing spawn area: 30%
[21:23:50] [Server-Worker-2/INFO]: Preparing spawn area: 33%
[21:23:50] [Server-Worker-3/INFO]: Preparing spawn area: 38%
[21:23:51] [Server-Worker-2/INFO]: Preparing spawn area: 40%
[21:23:51] [Server-Worker-2/INFO]: Preparing spawn area: 43%
[21:23:52] [Server-Worker-2/INFO]: Preparing spawn area: 47%
[21:23:52] [Server-Worker-2/INFO]: Preparing spawn area: 50%
[21:23:53] [Server-Worker-2/INFO]: Preparing spawn area: 50%
[21:23:53] [Server-Worker-2/INFO]: Preparing spawn area: 56%
[21:23:54] [Server-Worker-2/INFO]: Preparing spawn area: 60%
[21:23:54] [Server-Worker-3/INFO]: Preparing spawn area: 63%
[21:23:55] [Server-Worker-3/INFO]: Preparing spawn area: 67%
[21:23:55] [Server-Worker-2/INFO]: Preparing spawn area: 70%
[21:23:56] [Server-Worker-2/INFO]: Preparing spawn area: 74%
[21:23:56] [Server-Worker-1/INFO]: Preparing spawn area: 77%
[21:23:57] [Server-Worker-3/INFO]: Preparing spawn area: 82%
[21:23:57] [Server-Worker-2/INFO]: Preparing spawn area: 84%
[21:23:58] [Server-Worker-3/INFO]: Preparing spawn area: 86%
[21:23:58] [Server-Worker-1/INFO]: Preparing spawn area: 89%
[21:23:59] [Server-Worker-2/INFO]: Preparing spawn area: 91%
[21:23:59] [Server-Worker-3/INFO]: Preparing spawn area: 91%
[21:24:00] [Server thread/INFO]: Time elapsed: 16441 ms
[21:24:00] [Server thread/INFO]: Done (24.355s)! For help, type "help"
[21:24:49] [User Authenticator #1/INFO]: UUID of player lowellbander is a7bebd05-9dc9-4ae6-a990-98f08d5250d6
[21:24:49] [Server thread/INFO]: lowellbander[/127.0.0.1:35804] logged in with entity id 263 at (125.5, 64.0, -51.5)
[21:24:49] [Server thread/INFO]: lowellbander joined the game
[21:25:08] [Server thread/INFO]: lowellbander lost connection: Disconnected
[21:25:08] [Server thread/INFO]: lowellbander left the game
[21:25:13] [Server thread/INFO]: Unknown command
[21:25:13] [Server thread/INFO]: nnexit<--[HERE]
[21:25:15] [Server thread/INFO]: Unknown command
[21:25:15] [Server thread/INFO]: exit<--[HERE]
[21:25:16] [Server thread/INFO]: Unknown command
[21:25:16] [Server thread/INFO]: exit<--[HERE]
[21:25:17] [Server thread/INFO]: Unknown command
[21:25:17] [Server thread/INFO]: done<--[HERE]
[21:25:18] [Server thread/INFO]: Unknown command
[21:25:18] [Server thread/INFO]: /exit<--[HERE]
[21:25:20] [Server thread/INFO]: Unknown command
[21:25:20] [Server thread/INFO]: /done<--[HERE]
[21:25:30] [Server thread/INFO]: /advancement (grant|revoke)
[21:25:30] [Server thread/INFO]: /ban <targets> [<reason>]
[21:25:30] [Server thread/INFO]: /ban-ip <target> [<reason>]
[21:25:30] [Server thread/INFO]: /banlist [ips|players]
[21:25:30] [Server thread/INFO]: /bossbar (add|get|list|remove|set)
[21:25:30] [Server thread/INFO]: /clear [<targets>]
[21:25:30] [Server thread/INFO]: /clone <begin> <end> <destination> [filtered|masked|replace]
[21:25:30] [Server thread/INFO]: /data (get|merge|modify|remove)
[21:25:30] [Server thread/INFO]: /datapack (disable|enable|list)
[21:25:30] [Server thread/INFO]: /debug (start|stop)
[21:25:30] [Server thread/INFO]: /defaultgamemode (adventure|creative|spectator|survival)
[21:25:30] [Server thread/INFO]: /deop <targets>
[21:25:30] [Server thread/INFO]: /difficulty [easy|hard|normal|peaceful]
[21:25:30] [Server thread/INFO]: /effect (clear|give)
[21:25:30] [Server thread/INFO]: /enchant <targets> <enchantment> [<level>]
[21:25:30] [Server thread/INFO]: /execute (align|anchored|as|at|facing|if|in|positioned|rotated|run|store|unless)
[21:25:30] [Server thread/INFO]: /experience (add|query|set)
[21:25:30] [Server thread/INFO]: /fill <from> <to> <block> [destroy|hollow|keep|outline|replace]
[21:25:30] [Server thread/INFO]: /forceload (add|query|remove)
[21:25:30] [Server thread/INFO]: /function <name>
[21:25:30] [Server thread/INFO]: /gamemode (adventure|creative|spectator|survival)
[21:25:30] [Server thread/INFO]: /gamerule (announceAdvancements|commandBlockOutput|disableElytraMovementCheck|doDaylightCycle|doEntityDrops|doFireTick|doLimitedCrafting|doMobLoot|doMobSpawning|doTileDrops|doWeatherCycle|keepInventory|logAdminCommands|maxCommandChainLength|maxEntityCramming|mobGriefing|naturalRegeneration|randomTickSpeed|reducedDebugInfo|sendCommandFeedback|showDeathMessages|spawnRadius|spectatorsGenerateChunks)
[21:25:30] [Server thread/INFO]: /give <targets> <item> [<count>]
[21:25:30] [Server thread/INFO]: /help [<command>]
[21:25:30] [Server thread/INFO]: /kick <targets> [<reason>]
[21:25:30] [Server thread/INFO]: /kill <targets>
[21:25:30] [Server thread/INFO]: /list [uuids]
[21:25:30] [Server thread/INFO]: /locate (Buried_Treasure|Desert_Pyramid|EndCity|Fortress|Igloo|Jungle_Pyramid|Mansion|Mineshaft|Monument|Ocean_Ruin|Pillager_Outpost|Shipwreck|Stronghold|Swamp_Hut|Village)
[21:25:30] [Server thread/INFO]: /loot (give|insert|replace|spawn)
[21:25:30] [Server thread/INFO]: /me <action>
[21:25:30] [Server thread/INFO]: /msg <targets> <message>
[21:25:30] [Server thread/INFO]: /op <targets>
[21:25:30] [Server thread/INFO]: /pardon <targets>
[21:25:30] [Server thread/INFO]: /pardon-ip <target>
[21:25:30] [Server thread/INFO]: /particle <name> [<pos>]
[21:25:30] [Server thread/INFO]: /playsound <sound> (ambient|block|hostile|master|music|neutral|player|record|voice|weather)
[21:25:30] [Server thread/INFO]: /recipe (give|take)
[21:25:30] [Server thread/INFO]: /reload
[21:25:30] [Server thread/INFO]: /replaceitem (block|entity)
[21:25:30] [Server thread/INFO]: /save-all [flush]
[21:25:30] [Server thread/INFO]: /save-off
[21:25:30] [Server thread/INFO]: /save-on
[21:25:30] [Server thread/INFO]: /say <message>
[21:25:30] [Server thread/INFO]: /schedule function <function> <time>
[21:25:30] [Server thread/INFO]: /scoreboard (objectives|players)
[21:25:30] [Server thread/INFO]: /seed
[21:25:30] [Server thread/INFO]: /setblock <pos> <block> [destroy|keep|replace]
[21:25:30] [Server thread/INFO]: /setidletimeout <minutes>
[21:25:30] [Server thread/INFO]: /setworldspawn [<pos>]
[21:25:30] [Server thread/INFO]: /spawnpoint [<targets>]
[21:25:30] [Server thread/INFO]: /spreadplayers <center> <spreadDistance> <maxRange> <respectTeams> <targets>
[21:25:30] [Server thread/INFO]: /stop
[21:25:30] [Server thread/INFO]: /stopsound <targets> [*|ambient|block|hostile|master|music|neutral|player|record|voice|weather]
[21:25:30] [Server thread/INFO]: /summon <entity> [<pos>]
[21:25:30] [Server thread/INFO]: /tag <targets> (add|list|remove)
[21:25:30] [Server thread/INFO]: /team (add|empty|join|leave|list|modify|remove)
[21:25:30] [Server thread/INFO]: /teammsg <message>
[21:25:30] [Server thread/INFO]: /teleport (<destination>|<location>|<targets>)
[21:25:30] [Server thread/INFO]: /tell -> msg
[21:25:30] [Server thread/INFO]: /tellraw <targets> <message>
[21:25:30] [Server thread/INFO]: /time (add|query|set)
[21:25:30] [Server thread/INFO]: /title <targets> (actionbar|clear|reset|subtitle|times|title)
[21:25:30] [Server thread/INFO]: /tm -> teammsg
[21:25:30] [Server thread/INFO]: /tp -> teleport
[21:25:30] [Server thread/INFO]: /trigger <objective> [add|set]
[21:25:30] [Server thread/INFO]: /w -> msg
[21:25:30] [Server thread/INFO]: /weather (clear|rain|thunder)
[21:25:30] [Server thread/INFO]: /whitelist (add|list|off|on|reload|remove)
[21:25:30] [Server thread/INFO]: /worldborder (add|center|damage|get|set|warning)
[21:25:30] [Server thread/INFO]: /xp -> experience
[21:26:13] [Server thread/INFO]: Stopping the server
[21:26:13] [Server thread/INFO]: Stopping server
[21:26:13] [Server thread/INFO]: Saving players
[21:26:13] [Server thread/INFO]: Saving worlds
[21:26:13] [Server thread/INFO]: Saving chunks for level 'world'/minecraft:overworld
[21:26:15] [Server thread/INFO]: ThreadedAnvilChunkStorage (world): All chunks are saved
[21:26:15] [Server thread/INFO]: Saving chunks for level 'world'/minecraft:the_end
[21:26:15] [Server thread/INFO]: ThreadedAnvilChunkStorage (DIM1): All chunks are saved
[21:26:15] [Server thread/INFO]: Saving chunks for level 'world'/minecraft:the_nether
[21:26:15] [Server thread/INFO]: ThreadedAnvilChunkStorage (DIM-1): All chunks are saved
[21:26:15] [Server thread/INFO]: ThreadedAnvilChunkStorage (world): All chunks are saved
[21:26:15] [Server thread/INFO]: ThreadedAnvilChunkStorage (world): All chunks are saved
[21:26:15] [Server thread/INFO]: ThreadedAnvilChunkStorage (DIM1): All chunks are saved
[21:26:15] [Server thread/INFO]: ThreadedAnvilChunkStorage (DIM1): All chunks are saved
[21:26:15] [Server thread/INFO]: ThreadedAnvilChunkStorage (DIM-1): All chunks are saved
[21:26:15] [Server thread/INFO]: ThreadedAnvilChunkStorage (DIM-1): All chunks are saved
